<?xml version="1.0" encoding="UTF-8"?>
<testsuite name="com.tup.buensabor.services.UsuarioServiceImplTest" tests="1" skipped="0" failures="0" errors="0" timestamp="2023-11-14T11:19:24" hostname="DESKTOP-F900H8J" time="0.012">
  <properties/>
  <testcase name="testSearchString()" classname="com.tup.buensabor.services.UsuarioServiceImplTest" time="0.012"/>
  <system-out><![CDATA[2023-11-14T08:19:22.956-03:00  INFO 5092 --- [    Test worker] t.c.s.AnnotationConfigContextLoaderUtils : Could not detect default configuration classes for test class [com.tup.buensabor.services.UsuarioServiceImplTest]: UsuarioServiceImplTest does not declare any static, non-private, non-final, nested classes annotated with @Configuration.
2023-11-14T08:19:22.959-03:00  INFO 5092 --- [    Test worker] .b.t.c.SpringBootTestContextBootstrapper : Found @SpringBootConfiguration com.tup.buensabor.BuensaborApplication for test class com.tup.buensabor.services.UsuarioServiceImplTest

  .   ____          _            __ _ _
 /\\ / ___'_ __ _ _(_)_ __  __ _ \ \ \ \
( ( )\___ | '_ | '_| | '_ \/ _` | \ \ \ \
 \\/  ___)| |_)| | | | | || (_| |  ) ) ) )
  '  |____| .__|_| |_|_| |_\__, | / / / /
 =========|_|==============|___/=/_/_/_/
 :: Spring Boot ::                (v3.1.3)

2023-11-14T08:19:22.975-03:00  INFO 5092 --- [    Test worker] c.t.b.services.UsuarioServiceImplTest    : Starting UsuarioServiceImplTest using Java 17.0.8 with PID 5092 (started by franc in D:\Documentos\Tercer año ingeniería\Desarrollo SW\BACKEND\ElBuenSabor-Reactionando-)
2023-11-14T08:19:22.975-03:00  INFO 5092 --- [    Test worker] c.t.b.services.UsuarioServiceImplTest    : No active profile set, falling back to 1 default profile: "default"
2023-11-14T08:19:23.108-03:00  INFO 5092 --- [    Test worker] .s.d.r.c.RepositoryConfigurationDelegate : Bootstrapping Spring Data JPA repositories in DEFAULT mode.
2023-11-14T08:19:23.142-03:00  INFO 5092 --- [    Test worker] .s.d.r.c.RepositoryConfigurationDelegate : Finished Spring Data repository scanning in 33 ms. Found 20 JPA repository interfaces.
2023-11-14T08:19:23.278-03:00  INFO 5092 --- [    Test worker] o.hibernate.jpa.internal.util.LogHelper  : HHH000204: Processing PersistenceUnitInfo [name: default]
2023-11-14T08:19:23.286-03:00  INFO 5092 --- [    Test worker] o.h.b.i.BytecodeProviderInitiator        : HHH000021: Bytecode provider name : bytebuddy
2023-11-14T08:19:23.287-03:00  INFO 5092 --- [    Test worker] o.s.o.j.p.SpringPersistenceUnitInfo      : No LoadTimeWeaver setup: ignoring JPA class transformer
2023-11-14T08:19:23.288-03:00  INFO 5092 --- [    Test worker] com.zaxxer.hikari.HikariDataSource       : HikariPool-3 - Starting...
2023-11-14T08:19:23.289-03:00  INFO 5092 --- [    Test worker] com.zaxxer.hikari.pool.HikariPool        : HikariPool-3 - Added connection conn40: url=jdbc:h2:file:./betodb user=SA
2023-11-14T08:19:23.289-03:00  INFO 5092 --- [    Test worker] com.zaxxer.hikari.HikariDataSource       : HikariPool-3 - Start completed.
2023-11-14T08:19:23.295-03:00  WARN 5092 --- [    Test worker] o.h.boot.model.internal.EntityBinder     : HHH000139: Illegal use of @Table in a subclass of a SINGLE_TABLE hierarchy: com.tup.buensabor.entities.Comprobante.Factura
2023-11-14T08:19:23.297-03:00  WARN 5092 --- [    Test worker] o.h.boot.model.internal.EntityBinder     : HHH000139: Illegal use of @Table in a subclass of a SINGLE_TABLE hierarchy: com.tup.buensabor.entities.Comprobante.NotaCredito
2023-11-14T08:19:23.339-03:00  INFO 5092 --- [    Test worker] o.h.b.i.BytecodeProviderInitiator        : HHH000021: Bytecode provider name : bytebuddy
2023-11-14T08:19:23.482-03:00  INFO 5092 --- [    Test worker] o.h.e.t.j.p.i.JtaPlatformInitiator       : HHH000490: Using JtaPlatform implementation: [org.hibernate.engine.transaction.jta.platform.internal.NoJtaPlatform]
2023-11-14T08:19:23.530-03:00  INFO 5092 --- [    Test worker] j.LocalContainerEntityManagerFactoryBean : Initialized JPA EntityManagerFactory for persistence unit 'default'
2023-11-14T08:19:23.850-03:00  WARN 5092 --- [    Test worker] JpaBaseConfiguration$JpaWebConfiguration : spring.jpa.open-in-view is enabled by default. Therefore, database queries may be performed during view rendering. Explicitly configure spring.jpa.open-in-view to disable this warning
2023-11-14T08:19:23.933-03:00  INFO 5092 --- [    Test worker] o.s.b.a.h2.H2ConsoleAutoConfiguration    : H2 console available at '/h2-console'. Database available at 'jdbc:h2:file:./betodb'
2023-11-14T08:19:23.946-03:00  WARN 5092 --- [    Test worker] .s.s.UserDetailsServiceAutoConfiguration : 

Using generated security password: f473c55c-5e75-4b0f-9097-561ec819a722

This generated password is for development use only. Your security configuration must be updated before running your application in production.

2023-11-14T08:19:23.955-03:00  INFO 5092 --- [    Test worker] o.s.s.web.DefaultSecurityFilterChain     : Will secure any request with [org.springframework.security.web.session.DisableEncodeUrlFilter@55fbe0fc, org.springframework.security.web.context.request.async.WebAsyncManagerIntegrationFilter@404479f1, org.springframework.security.web.context.SecurityContextHolderFilter@67c9d537, org.springframework.security.web.header.HeaderWriterFilter@811dc82, org.springframework.security.web.csrf.CsrfFilter@66023b3, org.springframework.security.web.authentication.logout.LogoutFilter@194a8a09, org.springframework.security.web.authentication.UsernamePasswordAuthenticationFilter@1865249c, org.springframework.security.web.authentication.ui.DefaultLoginPageGeneratingFilter@4836e093, org.springframework.security.web.authentication.ui.DefaultLogoutPageGeneratingFilter@71b4f4a1, org.springframework.security.web.authentication.www.BasicAuthenticationFilter@5532ef5b, org.springframework.security.web.savedrequest.RequestCacheAwareFilter@60330fc6, org.springframework.security.web.servletapi.SecurityContextHolderAwareRequestFilter@4ec5d005, org.springframework.security.web.authentication.AnonymousAuthenticationFilter@33be95fb, org.springframework.security.web.access.ExceptionTranslationFilter@1d067bce, org.springframework.security.web.access.intercept.AuthorizationFilter@6a2711b]
2023-11-14T08:19:23.965-03:00  INFO 5092 --- [    Test worker] c.t.b.services.UsuarioServiceImplTest    : Started UsuarioServiceImplTest in 1.004 seconds (process running for 12.777)
------------------------Estoy Funcionando------------------------
]]></system-out>
  <system-err><![CDATA[]]></system-err>
</testsuite>
