<?xml version="1.0" encoding="UTF-8"?>
<testsuite name="com.tup.buensabor.BuensaborApplicationTests" tests="1" skipped="0" failures="0" errors="0" timestamp="2023-11-14T11:19:22" hostname="DESKTOP-F900H8J" time="0.018">
  <properties/>
  <testcase name="contextLoads()" classname="com.tup.buensabor.BuensaborApplicationTests" time="0.018"/>
  <system-out><![CDATA[2023-11-14T08:19:20.807-03:00  INFO 5092 --- [    Test worker] t.c.s.AnnotationConfigContextLoaderUtils : Could not detect default configuration classes for test class [com.tup.buensabor.BuensaborApplicationTests]: BuensaborApplicationTests does not declare any static, non-private, non-final, nested classes annotated with @Configuration.
2023-11-14T08:19:20.814-03:00  INFO 5092 --- [    Test worker] .b.t.c.SpringBootTestContextBootstrapper : Found @SpringBootConfiguration com.tup.buensabor.BuensaborApplication for test class com.tup.buensabor.BuensaborApplicationTests

  .   ____          _            __ _ _
 /\\ / ___'_ __ _ _(_)_ __  __ _ \ \ \ \
( ( )\___ | '_ | '_| | '_ \/ _` | \ \ \ \
 \\/  ___)| |_)| | | | | || (_| |  ) ) ) )
  '  |____| .__|_| |_|_| |_\__, | / / / /
 =========|_|==============|___/=/_/_/_/
 :: Spring Boot ::                (v3.1.3)

2023-11-14T08:19:20.841-03:00  INFO 5092 --- [    Test worker] c.t.buensabor.BuensaborApplicationTests  : Starting BuensaborApplicationTests using Java 17.0.8 with PID 5092 (started by franc in D:\Documentos\Tercer año ingeniería\Desarrollo SW\BACKEND\ElBuenSabor-Reactionando-)
2023-11-14T08:19:20.841-03:00  INFO 5092 --- [    Test worker] c.t.buensabor.BuensaborApplicationTests  : No active profile set, falling back to 1 default profile: "default"
2023-11-14T08:19:20.975-03:00  INFO 5092 --- [    Test worker] .s.d.r.c.RepositoryConfigurationDelegate : Bootstrapping Spring Data JPA repositories in DEFAULT mode.
2023-11-14T08:19:21.016-03:00  INFO 5092 --- [    Test worker] .s.d.r.c.RepositoryConfigurationDelegate : Finished Spring Data repository scanning in 41 ms. Found 20 JPA repository interfaces.
2023-11-14T08:19:21.092-03:00  INFO 5092 --- [    Test worker] o.hibernate.jpa.internal.util.LogHelper  : HHH000204: Processing PersistenceUnitInfo [name: default]
2023-11-14T08:19:21.098-03:00  INFO 5092 --- [    Test worker] o.h.b.i.BytecodeProviderInitiator        : HHH000021: Bytecode provider name : bytebuddy
2023-11-14T08:19:21.098-03:00  INFO 5092 --- [    Test worker] o.s.o.j.p.SpringPersistenceUnitInfo      : No LoadTimeWeaver setup: ignoring JPA class transformer
2023-11-14T08:19:21.099-03:00  INFO 5092 --- [    Test worker] com.zaxxer.hikari.HikariDataSource       : HikariPool-2 - Starting...
2023-11-14T08:19:21.122-03:00  INFO 5092 --- [    Test worker] com.zaxxer.hikari.pool.HikariPool        : HikariPool-2 - Added connection conn10: url=jdbc:h2:file:./betodb user=SA
2023-11-14T08:19:21.122-03:00  INFO 5092 --- [    Test worker] com.zaxxer.hikari.HikariDataSource       : HikariPool-2 - Start completed.
2023-11-14T08:19:21.127-03:00  WARN 5092 --- [    Test worker] o.h.boot.model.internal.EntityBinder     : HHH000139: Illegal use of @Table in a subclass of a SINGLE_TABLE hierarchy: com.tup.buensabor.entities.Comprobante.Factura
2023-11-14T08:19:21.130-03:00  WARN 5092 --- [    Test worker] o.h.boot.model.internal.EntityBinder     : HHH000139: Illegal use of @Table in a subclass of a SINGLE_TABLE hierarchy: com.tup.buensabor.entities.Comprobante.NotaCredito
2023-11-14T08:19:21.176-03:00  INFO 5092 --- [    Test worker] o.h.b.i.BytecodeProviderInitiator        : HHH000021: Bytecode provider name : bytebuddy
2023-11-14T08:19:21.332-03:00  INFO 5092 --- [    Test worker] o.h.e.t.j.p.i.JtaPlatformInitiator       : HHH000490: Using JtaPlatform implementation: [org.hibernate.engine.transaction.jta.platform.internal.NoJtaPlatform]
2023-11-14T08:19:21.364-03:00  INFO 5092 --- [    Test worker] j.LocalContainerEntityManagerFactoryBean : Initialized JPA EntityManagerFactory for persistence unit 'default'
2023-11-14T08:19:21.996-03:00  WARN 5092 --- [    Test worker] JpaBaseConfiguration$JpaWebConfiguration : spring.jpa.open-in-view is enabled by default. Therefore, database queries may be performed during view rendering. Explicitly configure spring.jpa.open-in-view to disable this warning
2023-11-14T08:19:22.077-03:00  INFO 5092 --- [    Test worker] o.s.b.a.h2.H2ConsoleAutoConfiguration    : H2 console available at '/h2-console'. Database available at 'jdbc:h2:file:./betodb'
2023-11-14T08:19:22.092-03:00  WARN 5092 --- [    Test worker] .s.s.UserDetailsServiceAutoConfiguration : 

Using generated security password: edaf9c08-6ffa-4901-8e5e-1f1c5e241f9a

This generated password is for development use only. Your security configuration must be updated before running your application in production.

2023-11-14T08:19:22.102-03:00  INFO 5092 --- [    Test worker] o.s.s.web.DefaultSecurityFilterChain     : Will secure any request with [org.springframework.security.web.session.DisableEncodeUrlFilter@6169de0c, org.springframework.security.web.context.request.async.WebAsyncManagerIntegrationFilter@4e06d526, org.springframework.security.web.context.SecurityContextHolderFilter@770ad1f0, org.springframework.security.web.header.HeaderWriterFilter@463aa3da, org.springframework.security.web.csrf.CsrfFilter@2603ad0a, org.springframework.security.web.authentication.logout.LogoutFilter@54210bb8, org.springframework.security.web.authentication.UsernamePasswordAuthenticationFilter@643afff3, org.springframework.security.web.authentication.ui.DefaultLoginPageGeneratingFilter@6b8eb7b2, org.springframework.security.web.authentication.ui.DefaultLogoutPageGeneratingFilter@7d707e72, org.springframework.security.web.authentication.www.BasicAuthenticationFilter@381a4407, org.springframework.security.web.savedrequest.RequestCacheAwareFilter@4cda59e6, org.springframework.security.web.servletapi.SecurityContextHolderAwareRequestFilter@78b9ef0c, org.springframework.security.web.authentication.AnonymousAuthenticationFilter@17a027a7, org.springframework.security.web.access.ExceptionTranslationFilter@2d532099, org.springframework.security.web.access.intercept.AuthorizationFilter@7d7a4740]
2023-11-14T08:19:22.114-03:00  INFO 5092 --- [    Test worker] c.t.buensabor.BuensaborApplicationTests  : Started BuensaborApplicationTests in 1.296 seconds (process running for 10.925)
------------------------Estoy Funcionando------------------------
]]></system-out>
  <system-err><![CDATA[]]></system-err>
</testsuite>
